<?xml version="1.0" encoding="UTF-8"?>
<!-- Generated by org.testng.reporters.JUnitReportReporter -->
<testsuite hostname="Lemmys-MacBook-Pro.local" failures="0" tests="3" name="runner.TestRunner" time="57.422" errors="0" timestamp="2021-08-08T23:43:41 SGT" skipped="0">
  <testcase classname="runner.TestRunner" name="runScenario" time="19.244"/>
  <system-out/>
  <testcase classname="runner.TestRunner" name="runScenario" time="21.799"/>
  <system-out/>
  <testcase classname="runner.TestRunner" name="runScenario" time="16.379"/>
  <system-out/>
</testsuite> <!-- runner.TestRunner -->
