<?xml version="1.0" encoding="UTF-8"?>
<!-- Generated by org.testng.reporters.JUnitReportReporter -->
<testsuite hostname="Lemmys-MacBook-Pro.local" failures="0" tests="33" name="runner.TestRunner" time="636.169" errors="0" timestamp="2021-08-08T22:50:35 SGT" skipped="0">
  <testcase classname="runner.TestRunner" name="runScenario" time="20.462"/>
  <system-out/>
  <testcase classname="runner.TestRunner" name="runScenario" time="21.545"/>
  <system-out/>
  <testcase classname="runner.TestRunner" name="runScenario" time="21.342"/>
  <system-out/>
  <testcase classname="runner.TestRunner" name="runScenario" time="20.891"/>
  <system-out/>
  <testcase classname="runner.TestRunner" name="runScenario" time="20.356"/>
  <system-out/>
  <testcase classname="runner.TestRunner" name="runScenario" time="20.771"/>
  <system-out/>
  <testcase classname="runner.TestRunner" name="runScenario" time="16.145"/>
  <system-out/>
  <testcase classname="runner.TestRunner" name="runScenario" time="19.704"/>
  <system-out/>
  <testcase classname="runner.TestRunner" name="runScenario" time="16.313"/>
  <system-out/>
  <testcase classname="runner.TestRunner" name="runScenario" time="15.268"/>
  <system-out/>
  <testcase classname="runner.TestRunner" name="runScenario" time="20.331"/>
  <system-out/>
  <testcase classname="runner.TestRunner" name="runScenario" time="20.207"/>
  <system-out/>
  <testcase classname="runner.TestRunner" name="runScenario" time="18.027"/>
  <system-out/>
  <testcase classname="runner.TestRunner" name="runScenario" time="20.539"/>
  <system-out/>
  <testcase classname="runner.TestRunner" name="runScenario" time="19.775"/>
  <system-out/>
  <testcase classname="runner.TestRunner" name="runScenario" time="13.248"/>
  <system-out/>
  <testcase classname="runner.TestRunner" name="runScenario" time="19.697"/>
  <system-out/>
  <testcase classname="runner.TestRunner" name="runScenario" time="18.755"/>
  <system-out/>
  <testcase classname="runner.TestRunner" name="runScenario" time="21.873"/>
  <system-out/>
  <testcase classname="runner.TestRunner" name="runScenario" time="20.194"/>
  <system-out/>
  <testcase classname="runner.TestRunner" name="runScenario" time="16.508"/>
  <system-out/>
  <testcase classname="runner.TestRunner" name="runScenario" time="20.172"/>
  <system-out/>
  <testcase classname="runner.TestRunner" name="runScenario" time="17.000"/>
  <system-out/>
  <testcase classname="runner.TestRunner" name="runScenario" time="21.245"/>
  <system-out/>
  <testcase classname="runner.TestRunner" name="runScenario" time="20.041"/>
  <system-out/>
  <testcase classname="runner.TestRunner" name="runScenario" time="20.176"/>
  <system-out/>
  <testcase classname="runner.TestRunner" name="runScenario" time="21.546"/>
  <system-out/>
  <testcase classname="runner.TestRunner" name="runScenario" time="20.001"/>
  <system-out/>
  <testcase classname="runner.TestRunner" name="runScenario" time="15.302"/>
  <system-out/>
  <testcase classname="runner.TestRunner" name="runScenario" time="20.451"/>
  <system-out/>
  <testcase classname="runner.TestRunner" name="runScenario" time="21.483"/>
  <system-out/>
  <testcase classname="runner.TestRunner" name="runScenario" time="20.411"/>
  <system-out/>
  <testcase classname="runner.TestRunner" name="runScenario" time="16.390"/>
  <system-out/>
</testsuite> <!-- runner.TestRunner -->
